Using pre-set license
Built from '2021.3/staging' branch; Version is '2021.3.37f1 (3b6005ad5ad6) revision 3891205'; Using compiler version '192829333'; Build Type 'Release'
OS: 'Windows 11  (10.0.22631) 64bit Core' Language: 'ja' Physical Memory: 16300 MB
BatchMode: 1, IsHumanControllingUs: 0, StartBugReporterOnCrash: 0, Is64bit: 1, IsPro: 1

COMMAND LINE ARGUMENTS:
C:\Program Files\Unity\Hub\Editor\2021.3.37f1\Editor\Unity.exe
-adb2
-batchMode
-noUpm
-name
AssetImportWorker0
-projectPath
C:/Users/olab/Desktop/ito/UnityProject/Shader_Study
-logFile
Logs/AssetImportWorker0.log
-srvPort
59465
Successfully changed project path to: C:/Users/olab/Desktop/ito/UnityProject/Shader_Study
C:/Users/olab/Desktop/ito/UnityProject/Shader_Study
[UnityMemory] Configuration Parameters - Can be set up in boot.config
    "memorysetup-bucket-allocator-granularity=16"
    "memorysetup-bucket-allocator-bucket-count=8"
    "memorysetup-bucket-allocator-block-size=33554432"
    "memorysetup-bucket-allocator-block-count=8"
    "memorysetup-main-allocator-block-size=16777216"
    "memorysetup-thread-allocator-block-size=16777216"
    "memorysetup-gfx-main-allocator-block-size=16777216"
    "memorysetup-gfx-thread-allocator-block-size=16777216"
    "memorysetup-cache-allocator-block-size=4194304"
    "memorysetup-typetree-allocator-block-size=2097152"
    "memorysetup-profiler-bucket-allocator-granularity=16"
    "memorysetup-profiler-bucket-allocator-bucket-count=8"
    "memorysetup-profiler-bucket-allocator-block-size=33554432"
    "memorysetup-profiler-bucket-allocator-block-count=8"
    "memorysetup-profiler-allocator-block-size=16777216"
    "memorysetup-profiler-editor-allocator-block-size=1048576"
    "memorysetup-temp-allocator-size-main=16777216"
    "memorysetup-job-temp-allocator-block-size=2097152"
    "memorysetup-job-temp-allocator-block-size-background=1048576"
    "memorysetup-job-temp-allocator-reduction-small-platforms=262144"
    "memorysetup-temp-allocator-size-background-worker=32768"
    "memorysetup-temp-allocator-size-job-worker=262144"
    "memorysetup-temp-allocator-size-preload-manager=33554432"
    "memorysetup-temp-allocator-size-nav-mesh-worker=65536"
    "memorysetup-temp-allocator-size-audio-worker=65536"
    "memorysetup-temp-allocator-size-cloud-worker=32768"
    "memorysetup-temp-allocator-size-gi-baking-worker=262144"
    "memorysetup-temp-allocator-size-gfx=262144"
Player connection [22548] Host "[IP] 192.168.2.200 [Port] 0 [Flags] 2 [Guid] 132905148 [EditorId] 132905148 [Version] 1048832 [Id] WindowsEditor(7,DESKTOP-2KDNVOI) [Debug] 1 [PackageName] WindowsEditor [ProjectName] Editor" joined multi-casting on [225.0.0.222:54997]...

Player connection [22548] Host "[IP] 192.168.2.200 [Port] 0 [Flags] 2 [Guid] 132905148 [EditorId] 132905148 [Version] 1048832 [Id] WindowsEditor(7,DESKTOP-2KDNVOI) [Debug] 1 [PackageName] WindowsEditor [ProjectName] Editor" joined alternative multi-casting on [225.0.0.222:34997]...

[Physics::Module] Initialized MultithreadedJobDispatcher with {0} workers.
Refreshing native plugins compatible for Editor in 101.34 ms, found 3 plugins.
Preloading 0 native plugins for Editor in 0.00 ms.
Initialize engine version: 2021.3.37f1 (3b6005ad5ad6)
[Subsystems] Discovering subsystems at path C:/Program Files/Unity/Hub/Editor/2021.3.37f1/Editor/Data/Resources/UnitySubsystems
[Subsystems] Discovering subsystems at path C:/Users/olab/Desktop/ito/UnityProject/Shader_Study/Assets
GfxDevice: creating device client; threaded=0; jobified=0
Direct3D:
    Version:  Direct3D 11.0 [level 11.1]
    Renderer: NVIDIA GeForce RTX 2080 Ti (ID=0x1e04)
    Vendor:   NVIDIA
    VRAM:     11049 MB
    Driver:   31.0.15.1694
Initialize mono
Mono path[0] = 'C:/Program Files/Unity/Hub/Editor/2021.3.37f1/Editor/Data/Managed'
Mono path[1] = 'C:/Program Files/Unity/Hub/Editor/2021.3.37f1/Editor/Data/MonoBleedingEdge/lib/mono/unityjit-win32'
Mono config path = 'C:/Program Files/Unity/Hub/Editor/2021.3.37f1/Editor/Data/MonoBleedingEdge/etc'
Using monoOptions --debugger-agent=transport=dt_socket,embedding=1,server=y,suspend=n,address=127.0.0.1:56316
Begin MonoManager ReloadAssembly
Registering precompiled unity dll's ...
Register platform support module: C:/Program Files/Unity/Hub/Editor/2021.3.37f1/Editor/Data/PlaybackEngines/WindowsStandaloneSupport/UnityEditor.WindowsStandalone.Extensions.dll
Register platform support module: C:/Program Files/Unity/Hub/Editor/2021.3.37f1/Editor/Data/PlaybackEngines/MetroSupport/UnityEditor.UWP.Extensions.dll
Registered in 0.007469 seconds.
Native extension for UWP target not found
Native extension for WindowsStandalone target not found
Refreshing native plugins compatible for Editor in 70.85 ms, found 3 plugins.
Preloading 0 native plugins for Editor in 0.00 ms.
Mono: successfully reloaded assembly
- Completed reload, in  0.759 seconds
Domain Reload Profiling:
	ReloadAssembly (759ms)
		BeginReloadAssembly (211ms)
			ExecutionOrderSort (0ms)
			DisableScriptedObjects (0ms)
			BackupInstance (0ms)
			ReleaseScriptingObjects (0ms)
			CreateAndSetChildDomain (1ms)
		EndReloadAssembly (449ms)
			LoadAssemblies (211ms)
			RebuildTransferFunctionScriptingTraits (0ms)
			SetupTypeCache (117ms)
			ReleaseScriptCaches (0ms)
			RebuildScriptCaches (32ms)
			SetupLoadedEditorAssemblies (260ms)
				LogAssemblyErrors (0ms)
				InitializePlatformSupportModulesInManaged (11ms)
				SetLoadedEditorAssemblies (0ms)
				RefreshPlugins (71ms)
				BeforeProcessingInitializeOnLoad (1ms)
				ProcessInitializeOnLoadAttributes (131ms)
				ProcessInitializeOnLoadMethodAttributes (45ms)
				AfterProcessingInitializeOnLoad (0ms)
				EditorAssembliesLoaded (0ms)
			ExecutionOrderSort2 (0ms)
			AwakeInstancesAfterBackupRestoration (0ms)
Platform modules already initialized, skipping
Registering precompiled user dll's ...
Registered in 0.012581 seconds.
Begin MonoManager ReloadAssembly
Native extension for UWP target not found
Native extension for WindowsStandalone target not found
Refreshing native plugins compatible for Editor in 0.41 ms, found 3 plugins.
Preloading 0 native plugins for Editor in 0.00 ms.
Package Manager log level set to [2]
[Package Manager] Server::EnsureServerProcessIsRunning -- launch failed, reason: Unity was launched with the -noUpm command-line argument
[Package Manager] Cannot connect to Unity Package Manager local server
Mono: successfully reloaded assembly
- Completed reload, in  1.857 seconds
Domain Reload Profiling:
	ReloadAssembly (1858ms)
		BeginReloadAssembly (281ms)
			ExecutionOrderSort (0ms)
			DisableScriptedObjects (6ms)
			BackupInstance (0ms)
			ReleaseScriptingObjects (0ms)
			CreateAndSetChildDomain (18ms)
		EndReloadAssembly (1425ms)
			LoadAssemblies (366ms)
			RebuildTransferFunctionScriptingTraits (0ms)
			SetupTypeCache (446ms)
			ReleaseScriptCaches (0ms)
			RebuildScriptCaches (53ms)
			SetupLoadedEditorAssemblies (693ms)
				LogAssemblyErrors (0ms)
				InitializePlatformSupportModulesInManaged (6ms)
				SetLoadedEditorAssemblies (0ms)
				RefreshPlugins (0ms)
				BeforeProcessingInitializeOnLoad (69ms)
				ProcessInitializeOnLoadAttributes (585ms)
				ProcessInitializeOnLoadMethodAttributes (22ms)
				AfterProcessingInitializeOnLoad (9ms)
				EditorAssembliesLoaded (0ms)
			ExecutionOrderSort2 (0ms)
			AwakeInstancesAfterBackupRestoration (6ms)
Platform modules already initialized, skipping
========================================================================
Worker process is ready to serve import requests
Launched and connected shader compiler UnityShaderCompiler.exe after 0.10 seconds
Refreshing native plugins compatible for Editor in 0.45 ms, found 3 plugins.
Preloading 0 native plugins for Editor in 0.00 ms.
Unloading 3079 Unused Serialized files (Serialized files now loaded: 0)
Unloading 23 unused Assets / (46.5 KB). Loaded Objects now: 3539.
Memory consumption went from 108.9 MB to 108.8 MB.
Total: 2.707300 ms (FindLiveObjects: 0.271700 ms CreateObjectMapping: 0.168100 ms MarkObjects: 2.207900 ms  DeleteObjects: 0.058900 ms)

AssetImportParameters requested are different than current active one (requested -> active):
  custom:video-decoder-ogg-theora: a1e56fd34408186e4bbccfd4996cb3dc -> 
  custom:container-muxer-webm: aa71ff27fc2769a1b78a27578f13a17b -> 
  custom:container-demuxer-webm: 4f35f7cbe854078d1ac9338744f61a02 -> 
  custom:video-encoder-webm-vp8: eb34c28f22e8b96e1ab97ce403110664 -> 
  custom:CustomObjectIndexerAttribute: bc11b3a6c3213fcdd17b65e7da85e133 -> 
  custom:audio-encoder-webm-vorbis: bf7c407c2cedff20999df2af8eb42d56 -> 
  custom:framework-win-MediaFoundation: 216162199b28c13a410421893ffa2e32 -> 
  custom:SearchIndexIgnoredProperties: e643bd26f0fe6173181afceb89e7c659 -> 
  custom:container-demuxer-ogg: 62fdf1f143b41e24485cea50d1cbac27 -> 
  custom:video-decoder-webm-vp8: 9c59270c3fd7afecdb556c50c9e8de78 -> 
  custom:audio-decoder-ogg-vorbis: bf7c407c2cedff20999df2af8eb42d56 -> 
========================================================================
Received Import Request.
  Time since last request: 1647083.005605 seconds.
  path: Assets/Lesson2/Lesson2UnlitShader.shader
  artifactKey: Guid(6508a68201c7a7349a137b94bfa09501) Importer(815301076,1909f56bfc062723c751e8b465ee728b)
Number of updated assets reloaded before import = 0
Start importing Assets/Lesson2/Lesson2UnlitShader.shader using Guid(6508a68201c7a7349a137b94bfa09501) Importer(815301076,1909f56bfc062723c751e8b465ee728b)  -> (artifact id: '598dc67211ead845cb558dda9be8296e') in 0.081800 seconds 
Number of asset objects unloaded after import = 0
========================================================================
Received Import Request.
  Time since last request: 219.657147 seconds.
  path: Assets/Lesson2/Lesson2UnlitShader.shader
  artifactKey: Guid(6508a68201c7a7349a137b94bfa09501) Importer(815301076,1909f56bfc062723c751e8b465ee728b)
Number of updated assets reloaded before import = 1
Start importing Assets/Lesson2/Lesson2UnlitShader.shader using Guid(6508a68201c7a7349a137b94bfa09501) Importer(815301076,1909f56bfc062723c751e8b465ee728b)  -> (artifact id: '634797108a22672f3fae4ee3e6bfac78') in 0.011107 seconds 
Number of asset objects unloaded after import = 0
========================================================================
Received Import Request.
  Time since last request: 49.416460 seconds.
  path: Assets/Lesson2/New Material.mat
  artifactKey: Guid(28a84d952478d374780cdbbded71fbca) Importer(815301076,1909f56bfc062723c751e8b465ee728b)
Number of updated assets reloaded before import = 1
Start importing Assets/Lesson2/New Material.mat using Guid(28a84d952478d374780cdbbded71fbca) Importer(815301076,1909f56bfc062723c751e8b465ee728b)  -> (artifact id: '77fee41e40d68ece8ecb7447a2f928c1') in 0.109268 seconds 
Number of asset objects unloaded after import = 1
========================================================================
Received Import Request.
  Time since last request: 296.293248 seconds.
  path: Assets/Lesson2/New Material.mat
  artifactKey: Guid(28a84d952478d374780cdbbded71fbca) Importer(815301076,1909f56bfc062723c751e8b465ee728b)
Number of updated assets reloaded before import = 1
Start importing Assets/Lesson2/New Material.mat using Guid(28a84d952478d374780cdbbded71fbca) Importer(815301076,1909f56bfc062723c751e8b465ee728b)  -> (artifact id: '98719d7d2fcba7de0a7d75aaef6f3ea3') in 0.041053 seconds 
Number of asset objects unloaded after import = 1
========================================================================
Received Import Request.
  Time since last request: 182.138382 seconds.
  path: Assets/Lesson2/New Material.mat
  artifactKey: Guid(28a84d952478d374780cdbbded71fbca) Importer(815301076,1909f56bfc062723c751e8b465ee728b)
Number of updated assets reloaded before import = 1
Start importing Assets/Lesson2/New Material.mat using Guid(28a84d952478d374780cdbbded71fbca) Importer(815301076,1909f56bfc062723c751e8b465ee728b)  -> (artifact id: '66bf43b52a977b2902738a86f4cbdb54') in 0.033157 seconds 
Number of asset objects unloaded after import = 1
========================================================================
Received Import Request.
  Time since last request: 25.262456 seconds.
  path: Assets/Lesson2/Lesson2UnlitShader.shader
  artifactKey: Guid(6508a68201c7a7349a137b94bfa09501) Importer(815301076,1909f56bfc062723c751e8b465ee728b)
Number of updated assets reloaded before import = 0
Start importing Assets/Lesson2/Lesson2UnlitShader.shader using Guid(6508a68201c7a7349a137b94bfa09501) Importer(815301076,1909f56bfc062723c751e8b465ee728b)  -> (artifact id: '2ce136a3fabcb932e0dc347987953786') in 0.006304 seconds 
Number of asset objects unloaded after import = 0
========================================================================
Received Import Request.
  Time since last request: 328.809209 seconds.
  path: Assets/Lesson2/New Material.mat
  artifactKey: Guid(28a84d952478d374780cdbbded71fbca) Importer(815301076,1909f56bfc062723c751e8b465ee728b)
Number of updated assets reloaded before import = 1
Start importing Assets/Lesson2/New Material.mat using Guid(28a84d952478d374780cdbbded71fbca) Importer(815301076,1909f56bfc062723c751e8b465ee728b)  -> (artifact id: '8c9a174acd6034991c89ed9c4216252c') in 0.015703 seconds 
Number of asset objects unloaded after import = 1
========================================================================
Received Import Request.
  Time since last request: 139.802773 seconds.
  path: Assets/Lesson2/New Material.mat
  artifactKey: Guid(28a84d952478d374780cdbbded71fbca) Importer(815301076,1909f56bfc062723c751e8b465ee728b)
Number of updated assets reloaded before import = 1
Start importing Assets/Lesson2/New Material.mat using Guid(28a84d952478d374780cdbbded71fbca) Importer(815301076,1909f56bfc062723c751e8b465ee728b)  -> (artifact id: 'be8048b27c87db206aab3ff90adfdefc') in 0.032712 seconds 
Number of asset objects unloaded after import = 1
========================================================================
Received Import Request.
  Time since last request: 17.133235 seconds.
  path: Assets/Lesson2/New Material.mat
  artifactKey: Guid(28a84d952478d374780cdbbded71fbca) Importer(815301076,1909f56bfc062723c751e8b465ee728b)
Number of updated assets reloaded before import = 1
Start importing Assets/Lesson2/New Material.mat using Guid(28a84d952478d374780cdbbded71fbca) Importer(815301076,1909f56bfc062723c751e8b465ee728b)  -> (artifact id: 'f1bd1c75e33955e3f12eb0c5d7edc3a4') in 0.014202 seconds 
Number of asset objects unloaded after import = 1
========================================================================
Received Import Request.
  Time since last request: 826.143191 seconds.
  path: Assets/Lesson2/スクリーンショット 2024-04-14 185743.png
  artifactKey: Guid(3a232ffd50e59dd4783fb6d3cb6e46fa) Importer(815301076,1909f56bfc062723c751e8b465ee728b)
Number of updated assets reloaded before import = 0
Start importing Assets/Lesson2/スクリーンショット 2024-04-14 185743.png using Guid(3a232ffd50e59dd4783fb6d3cb6e46fa) Importer(815301076,1909f56bfc062723c751e8b465ee728b)  -> (artifact id: '210bf90ff6b8cd1486efa35f879140c7') in 0.034727 seconds 
Number of asset objects unloaded after import = 2
========================================================================
Received Import Request.
  Time since last request: 1.604281 seconds.
  path: Assets/Lesson2/Lesson2UnlitShader.shader
  artifactKey: Guid(6508a68201c7a7349a137b94bfa09501) Importer(815301076,1909f56bfc062723c751e8b465ee728b)
Number of updated assets reloaded before import = 0
Start importing Assets/Lesson2/Lesson2UnlitShader.shader using Guid(6508a68201c7a7349a137b94bfa09501) Importer(815301076,1909f56bfc062723c751e8b465ee728b)  -> (artifact id: 'f27716286f526d42a290482e78ba79db') in 0.006544 seconds 
Number of asset objects unloaded after import = 0
========================================================================
Received Import Request.
  Time since last request: 50.771024 seconds.
  path: Assets/Lesson2/New Material.mat
  artifactKey: Guid(28a84d952478d374780cdbbded71fbca) Importer(815301076,1909f56bfc062723c751e8b465ee728b)
Number of updated assets reloaded before import = 0
Start importing Assets/Lesson2/New Material.mat using Guid(28a84d952478d374780cdbbded71fbca) Importer(815301076,1909f56bfc062723c751e8b465ee728b)  -> (artifact id: 'f4591f2c8549417dc0977fd27d8011d5') in 0.014126 seconds 
Number of asset objects unloaded after import = 2
========================================================================
Received Import Request.
  Time since last request: 969.255093 seconds.
  path: Assets/Lesson2/スクリーンショット 2024-04-12 074930.png
  artifactKey: Guid(9876f18e1d5ca254f8dba84bf1097ed8) Importer(815301076,1909f56bfc062723c751e8b465ee728b)
Number of updated assets reloaded before import = 1
Start importing Assets/Lesson2/スクリーンショット 2024-04-12 074930.png using Guid(9876f18e1d5ca254f8dba84bf1097ed8) Importer(815301076,1909f56bfc062723c751e8b465ee728b)  -> (artifact id: 'e7976855201270ef44eff6d6add9721b') in 0.017182 seconds 
Number of asset objects unloaded after import = 2
========================================================================
Received Import Request.
  Time since last request: 6.751510 seconds.
  path: Assets/Lesson2/New Material.mat
  artifactKey: Guid(28a84d952478d374780cdbbded71fbca) Importer(815301076,1909f56bfc062723c751e8b465ee728b)
Number of updated assets reloaded before import = 0
Start importing Assets/Lesson2/New Material.mat using Guid(28a84d952478d374780cdbbded71fbca) Importer(815301076,1909f56bfc062723c751e8b465ee728b)  -> (artifact id: 'a80ad49e82eb7fdfba31cb76bdb8fa6a') in 0.030836 seconds 
Number of asset objects unloaded after import = 2
